\BOOKMARK [1][-]{section*.1}{\376\377\000S\000u\000m\000m\000a\000r\000y}{}% 1
\BOOKMARK [1][-]{section*.2}{\376\377\000I\000n\000t\000r\000o\000d\000u\000c\000t\000i\000o\000n}{}% 2
\BOOKMARK [1][-]{section*.3}{\376\377\000D\000a\000t\000a\000\040\000a\000n\000d\000\040\000M\000e\000t\000h\000o\000d\000o\000l\000o\000g\000y}{}% 3
\BOOKMARK [2][-]{section*.4}{\376\377\000E\000D\000A}{section*.3}% 4
\BOOKMARK [2][-]{section*.5}{\376\377\000D\000a\000t\000a\000\040\000C\000l\000e\000a\000n\000i\000n\000g}{section*.3}% 5
\BOOKMARK [2][-]{section*.6}{\376\377\000M\000e\000t\000h\000o\000d\000o\000l\000o\000g\000y}{section*.3}% 6
\BOOKMARK [1][-]{section*.7}{\376\377\000R\000e\000s\000u\000l\000t\000s}{}% 7
\BOOKMARK [2][-]{section*.8}{\376\377\000N\000o\000n\000-\000h\000i\000e\000r\000a\000r\000c\000h\000i\000c\000a\000l\000\040\000L\000i\000n\000e\000a\000r\000\040\000M\000o\000d\000e\000l}{section*.7}% 8
\BOOKMARK [2][-]{section*.9}{\376\377\000H\000i\000e\000r\000a\000r\000c\000h\000i\000c\000a\000l\000\040\000L\000i\000n\000e\000a\000r\000\040\000M\000o\000d\000e\000l}{section*.7}% 9
\BOOKMARK [1][-]{section*.10}{\376\377\000C\000o\000n\000c\000l\000u\000s\000i\000o\000n}{}% 10
\BOOKMARK [1][-]{section*.11}{\376\377\000A\000p\000p\000e\000n\000d\000i\000x}{}% 11
\BOOKMARK [2][-]{section*.12}{\376\377\000\050\000A\000\051\000\040\000E\000D\000A\000\040\000p\000l\000o\000t\000s}{section*.11}% 12
\BOOKMARK [3][-]{section*.13}{\376\377\000D\000i\000s\000t\000r\000i\000b\000u\000t\000i\000o\000n\000\040\000o\000f\000\040\000r\000o\000o\000m\000s}{section*.12}% 13
\BOOKMARK [3][-]{section*.14}{\376\377\000D\000i\000s\000t\000r\000i\000b\000u\000t\000i\000o\000n\000\040\000o\000f\000\040\000r\000o\000o\000m\000s}{section*.12}% 14
\BOOKMARK [2][-]{section*.15}{\376\377\000\050\000B\000\051\000\040\000M\000o\000d\000e\000l\000\040\000A\000s\000s\000e\000s\000s\000m\000e\000n\000t}{section*.11}% 15
\BOOKMARK [3][-]{section*.16}{\376\377\000R\000e\000n\000t\000a\000l\000s}{section*.15}% 16
\BOOKMARK [3][-]{section*.17}{}{section*.15}% 17
\BOOKMARK [3][-]{section*.18}{}{section*.15}% 18
\BOOKMARK [3][-]{section*.19}{\376\377\000S\000a\000l\000e\000s}{section*.15}% 19
\BOOKMARK [3][-]{section*.20}{}{section*.15}% 20
\BOOKMARK [3][-]{section*.21}{}{section*.15}% 21
\BOOKMARK [2][-]{section*.22}{\376\377\000\050\000C\000\051\000\040\000C\000o\000e\000f\000f\000i\000c\000i\000e\000n\000t\000s\000\040\000f\000o\000r\000\040\000n\000o\000n\000-\000h\000i\000e\000r\000a\000r\000c\000h\000i\000c\000a\000l\000\040\000l\000i\000n\000e\000a\000r\000\040\000m\000o\000d\000e\000l}{section*.11}% 22
\BOOKMARK [3][-]{section*.23}{\376\377\000R\000e\000n\000t\000a\000l\000s}{section*.22}% 23
\BOOKMARK [3][-]{section*.24}{\376\377\000S\000a\000l\000e\000s}{section*.22}% 24
\BOOKMARK [2][-]{section*.25}{\376\377\000\050\000D\000\051\000\040\000C\000o\000e\000f\000f\000i\000c\000i\000e\000n\000t\000s\000\040\000f\000o\000r\000\040\000h\000i\000e\000r\000a\000r\000c\000h\000i\000c\000a\000l\000\040\000l\000i\000n\000e\000a\000r\000\040\000m\000o\000d\000e\000l}{section*.11}% 25
\BOOKMARK [3][-]{section*.26}{\376\377\000R\000e\000n\000t\000a\000l\000s}{section*.25}% 26
\BOOKMARK [3][-]{section*.27}{\376\377\000S\000a\000l\000e\000s}{section*.25}% 27
